<?xml version="1.0" encoding="UTF-8"?>
<testng-results ignored="0" total="1" passed="1" failed="0" skipped="0">
  <reporter-output>
  </reporter-output>
  <suite started-at="2022-07-28T16:31:31 IST" name="Default suite" finished-at="2022-07-28T16:31:42 IST" duration-ms="11350">
    <groups>
    </groups>
    <test started-at="2022-07-28T16:31:31 IST" name="Default test" finished-at="2022-07-28T16:31:42 IST" duration-ms="11350">
      <class name="Test.GoogleSearch">
        <test-method signature="google_Serach()[pri:0, instance:Test.GoogleSearch@2ea227af]" started-at="2022-07-28T16:31:31 IST" name="google_Serach" finished-at="2022-07-28T16:31:42 IST" duration-ms="11304" status="PASS">
          <reporter-output>
          </reporter-output>
        </test-method> <!-- google_Serach -->
      </class> <!-- Test.GoogleSearch -->
    </test> <!-- Default test -->
  </suite> <!-- Default suite -->
</testng-results>
